<?xml version="1.0" encoding="UTF-8"?>
<!-- Generated by org.testng.reporters.JUnitReportReporter -->
<testsuite hostname="DESKTOP-87I31C9" failures="0" tests="2" name="qaclickacademy.RestAssuredAPITest" time="0.004" errors="0" timestamp="2020-01-07T08:12:00 IST" skipped="0">
  <testcase classname="qaclickacademy.RestAssuredAPITest" name="postJIRA" time="0.002"/>
  <system-out/>
  <testcase classname="qaclickacademy.RestAssuredAPITest" name="deleteTwitter" time="0.002"/>
  <system-out/>
</testsuite> <!-- qaclickacademy.RestAssuredAPITest -->
